<?xml version="1.0" encoding="UTF-8"?>
<!-- Generated by org.testng.reporters.JUnitReportReporter -->
<testsuite hostname="DESKTOP-LOSCQCA" failures="0" tests="1" name="session10.ApiKeyAuthentication" time="2.661" errors="0" timestamp="13 Jul 2025 12:50:54 GMT" skipped="0">
  <testcase classname="session10.ApiKeyAuthentication" name="GetWeatherDataByCity" time="2.661"/>
</testsuite> <!-- session10.ApiKeyAuthentication -->
