<?xml version="1.0" encoding="UTF-8"?>
<!-- Generated by org.testng.reporters.JUnitReportReporter -->
<testsuite hostname="DESKTOP-LOSCQCA" failures="0" tests="1" name="session17.CreateJSONObjectUsingJacksonAPI" time="3.260" errors="0" timestamp="27 Mar 2023 16:19:15 GMT" skipped="0">
  <testcase classname="session17.CreateJSONObjectUsingJacksonAPI" name="createUser" time="3.260"/>
</testsuite> <!-- session17.CreateJSONObjectUsingJacksonAPI -->
