<?xml version="1.0" encoding="UTF-8"?>
<!-- Generated by org.testng.reporters.JUnitReportReporter -->
<testsuite hostname="DESKTOP-LOSCQCA" failures="0" tests="1" name="session05.ValidateResponseHeader" time="9.977" errors="0" timestamp="13 Feb 2023 09:35:57 GMT" skipped="0">
  <testcase classname="session05.ValidateResponseHeader" name="GetSingleUser" time="9.977"/>
</testsuite> <!-- session05.ValidateResponseHeader -->
