<?xml version="1.0" encoding="UTF-8"?>
<!-- Generated by org.testng.reporters.JUnitReportReporter -->
<testsuite hostname="DESKTOP-LOSCQCA" failures="0" tests="1" name="session12.DeserializationJSONToClass" time="3.789" errors="0" timestamp="30 Oct 2023 18:00:40 GMT" skipped="0">
  <testcase classname="session12.DeserializationJSONToClass" name="createUser" time="3.789"/>
</testsuite> <!-- session12.DeserializationJSONToClass -->
