<?xml version="1.0" encoding="UTF-8"?>
<!-- Generated by org.testng.reporters.JUnitReportReporter -->
<testsuite hostname="DESKTOP-LOSCQCA" failures="0" tests="1" name="session06.ValidateJsonResponseBody" time="3.677" errors="0" timestamp="14 Feb 2023 17:49:16 GMT" skipped="0">
  <testcase classname="session06.ValidateJsonResponseBody" name="UserListResponseBody" time="3.677"/>
</testsuite> <!-- session06.ValidateJsonResponseBody -->
