<?xml version="1.0" encoding="UTF-8"?>
<!-- Generated by org.testng.reporters.JUnitReportReporter -->
<testsuite hostname="DESKTOP-LOSCQCA" failures="0" tests="2" name="session03.Test_GetMethod" time="10.146" errors="0" timestamp="12 Jul 2025 07:43:07 GMT" skipped="0">
  <testcase classname="session03.Test_GetMethod" name="test02" time="1.225"/>
  <testcase classname="session03.Test_GetMethod" name="test01" time="8.921"/>
</testsuite> <!-- session03.Test_GetMethod -->
