<?xml version="1.0" encoding="UTF-8"?>
<!-- Generated by org.testng.reporters.JUnitReportReporter -->
<testsuite hostname="DESKTOP-LOSCQCA" failures="0" tests="1" name="session18.ImageFileUpload" time="4.930" errors="0" timestamp="14 Jul 2025 03:11:46 GMT" skipped="0">
  <testcase classname="session18.ImageFileUpload" name="uploadImageFile" time="4.930"/>
</testsuite> <!-- session18.ImageFileUpload -->
