<?xml version="1.0" encoding="UTF-8"?>
<!-- Generated by org.testng.reporters.JUnitReportReporter -->
<testsuite hostname="DESKTOP-LOSCQCA" failures="0" tests="1" name="session12.DeserializationToClass" time="3.457" errors="0" timestamp="26 Feb 2023 09:26:15 GMT" skipped="0">
  <testcase classname="session12.DeserializationToClass" name="createUser" time="3.457"/>
</testsuite> <!-- session12.DeserializationToClass -->
