<?xml version="1.0" encoding="UTF-8"?>
<!-- Generated by org.testng.reporters.JUnitReportReporter -->
<testsuite hostname="DESKTOP-LOSCQCA" failures="0" tests="2" name="session15.JsonObjectCreationUsingJavaMap" time="3.378" errors="0" timestamp="20 Jul 2025 13:38:52 GMT" skipped="1">
  <testcase classname="session15.JsonObjectCreationUsingJavaMap" name="createUser" time="3.378"/>
  <testcase classname="session15.JsonObjectCreationUsingJavaMap" name="createAuthToken">
    <skipped/>
  </testcase> <!-- createAuthToken -->
</testsuite> <!-- session15.JsonObjectCreationUsingJavaMap -->
