<?xml version="1.0" encoding="UTF-8"?>
<!-- Generated by org.testng.reporters.JUnitReportReporter -->
<testsuite hostname="DESKTOP-LOSCQCA" failures="0" tests="3" name="session04.CheckForValidResponse" time="2.715" errors="0" timestamp="12 Jul 2025 11:49:41 GMT" skipped="2">
  <testcase classname="session04.CheckForValidResponse" name="GetSingleUser" time="2.715"/>
  <testcase classname="session04.CheckForValidResponse" name="GetSingleUserUsingValidatableResponse">
    <skipped/>
  </testcase> <!-- GetSingleUserUsingValidatableResponse -->
  <testcase classname="session04.CheckForValidResponse" name="GetSingleUser_BDD_Style">
    <skipped/>
  </testcase> <!-- GetSingleUser_BDD_Style -->
</testsuite> <!-- session04.CheckForValidResponse -->
