<?xml version="1.0" encoding="UTF-8"?>
<!-- Generated by org.testng.reporters.JUnitReportReporter -->
<testsuite hostname="DESKTOP-LOSCQCA" failures="0" tests="1" name="session08.DigestAuth" time="4.692" errors="0" timestamp="03 Nov 2024 09:58:13 GMT" skipped="0">
  <testcase classname="session08.DigestAuth" name="digestAuth" time="4.692"/>
</testsuite> <!-- session08.DigestAuth -->
