<?xml version="1.0" encoding="UTF-8"?>
<!-- Generated by org.testng.reporters.JUnitReportReporter -->
<testsuite hostname="DESKTOP-LOSCQCA" failures="0" tests="1" name="session08.NonPreemptiveBasicAuth" time="4.758" errors="0" timestamp="12 Jul 2025 12:38:19 GMT" skipped="0">
  <testcase classname="session08.NonPreemptiveBasicAuth" name="basicAuth" time="4.758"/>
</testsuite> <!-- session08.NonPreemptiveBasicAuth -->
