<?xml version="1.0" encoding="UTF-8"?>
<!-- Generated by org.testng.reporters.JUnitReportReporter -->
<testsuite hostname="DESKTOP-LOSCQCA" failures="0" tests="1" name="session26.UnknownProperty" time="0.315" errors="0" timestamp="23 May 2023 18:39:40 GMT" skipped="0">
  <testcase classname="session26.UnknownProperty" name="testUnknownProperty" time="0.315"/>
</testsuite> <!-- session26.UnknownProperty -->
