<?xml version="1.0" encoding="UTF-8"?>
<!-- Generated by org.testng.reporters.JUnitReportReporter -->
<testsuite hostname="DESKTOP-LOSCQCA" failures="0" tests="1" name="session30.JsonSchemaValidation" time="7.103" errors="0" timestamp="30 Oct 2023 17:36:25 GMT" skipped="0">
  <testcase classname="session30.JsonSchemaValidation" name="validatePayloadWithSchema" time="7.103"/>
</testsuite> <!-- session30.JsonSchemaValidation -->
