<?xml version="1.0" encoding="UTF-8"?>
<!-- Generated by org.testng.reporters.JUnitReportReporter -->
<testsuite hostname="DESKTOP-LOSCQCA" failures="0" tests="1" name="session08.DigestAuth" time="2.803" errors="0" timestamp="24 Feb 2023 10:08:56 GMT" skipped="0">
  <testcase classname="session08.DigestAuth" name="digestAuth" time="2.803"/>
</testsuite> <!-- session08.DigestAuth -->
