<?xml version="1.0" encoding="UTF-8"?>
<!-- Generated by org.testng.reporters.JUnitReportReporter -->
<testsuite hostname="DESKTOP-LOSCQCA" failures="0" tests="1" name="session31.JSONSchemaValidationWithoutRestAssured" time="0.883" errors="0" timestamp="22 May 2023 10:27:54 GMT" skipped="0">
  <testcase classname="session31.JSONSchemaValidationWithoutRestAssured" name="testMethod" time="0.883"/>
</testsuite> <!-- session31.JSONSchemaValidationWithoutRestAssured -->
