<?xml version="1.0" encoding="UTF-8"?>
<!-- Generated by org.testng.reporters.JUnitReportReporter -->
<testsuite hostname="DESKTOP-LOSCQCA" failures="0" tests="1" name="session16.CreateJSONArrayUsingListInterface" time="3.554" errors="0" timestamp="20 Jul 2025 13:42:21 GMT" skipped="0">
  <testcase classname="session16.CreateJSONArrayUsingListInterface" name="createJSONArrayUsingListAndHashMap" time="3.554"/>
</testsuite> <!-- session16.CreateJSONArrayUsingListInterface -->
