<?xml version="1.0" encoding="UTF-8"?>
<!-- Generated by org.testng.reporters.JUnitReportReporter -->
<testsuite hostname="DESKTOP-LOSCQCA" failures="0" tests="2" name="session29.ResponseSpecBuilderDemo" time="4.071" errors="0" timestamp="24 May 2023 14:56:57 GMT" skipped="0">
  <testcase classname="session29.ResponseSpecBuilderDemo" name="getAllBookingByName" time="2.628"/>
  <testcase classname="session29.ResponseSpecBuilderDemo" name="getAllBookingIds" time="1.443"/>
</testsuite> <!-- session29.ResponseSpecBuilderDemo -->
