<?xml version="1.0" encoding="UTF-8"?>
<!-- Generated by org.testng.reporters.JUnitReportReporter -->
<testsuite hostname="DESKTOP-LOSCQCA" failures="0" tests="2" name="session03.Test_GetMethod" time="2.327" errors="0" timestamp="05 Feb 2023 16:53:01 GMT" skipped="0">
  <testcase classname="session03.Test_GetMethod" name="test02" time="0.191"/>
  <testcase classname="session03.Test_GetMethod" name="test01" time="2.136"/>
</testsuite> <!-- session03.Test_GetMethod -->
