<?xml version="1.0" encoding="UTF-8"?>
<!-- Generated by org.testng.reporters.JUnitReportReporter -->
<testsuite hostname="DESKTOP-LOSCQCA" failures="0" tests="1" name="session06.ValidateJsonResponseBody" time="3.290" errors="0" timestamp="13 Jul 2025 19:01:34 GMT" skipped="0">
  <testcase classname="session06.ValidateJsonResponseBody" name="UserListResponseBody" time="3.290"/>
</testsuite> <!-- session06.ValidateJsonResponseBody -->
