<?xml version="1.0" encoding="UTF-8"?>
<!-- Generated by org.testng.reporters.JUnitReportReporter -->
<testsuite hostname="DESKTOP-LOSCQCA" failures="0" tests="1" name="restAPI.FirstGetRequest" time="2.539" errors="0" timestamp="05 Feb 2023 09:18:46 GMT" skipped="0">
  <testcase classname="restAPI.FirstGetRequest" name="testcase01" time="2.539"/>
</testsuite> <!-- restAPI.FirstGetRequest -->
