<?xml version="1.0" encoding="UTF-8"?>
<!-- Generated by org.testng.reporters.JUnitReportReporter -->
<testsuite hostname="DESKTOP-LOSCQCA" failures="0" tests="1" name="session31.JSONSchemaValidationWithoutRestAssured" time="0.697" errors="0" timestamp="30 Oct 2023 18:09:07 GMT" skipped="0">
  <testcase classname="session31.JSONSchemaValidationWithoutRestAssured" name="testMethod" time="0.697"/>
</testsuite> <!-- session31.JSONSchemaValidationWithoutRestAssured -->
