<?xml version="1.0" encoding="UTF-8"?>
<!-- Generated by org.testng.reporters.JUnitReportReporter -->
<testsuite hostname="DESKTOP-LOSCQCA" failures="0" tests="1" name="session28.AddHeaderUsingHeadersClass" time="2.544" errors="0" timestamp="15 May 2023 12:11:48 GMT" skipped="0">
  <testcase classname="session28.AddHeaderUsingHeadersClass" name="usingHeaderClass" time="2.544"/>
</testsuite> <!-- session28.AddHeaderUsingHeadersClass -->
