<?xml version="1.0" encoding="UTF-8"?>
<!-- Generated by org.testng.reporters.JUnitReportReporter -->
<testsuite hostname="DESKTOP-LOSCQCA" failures="0" tests="1" name="session22.SimpleNestedJSONPayload" time="3.758" errors="0" timestamp="22 May 2023 17:48:39 GMT" skipped="0">
  <testcase classname="session22.SimpleNestedJSONPayload" name="createUser" time="3.758"/>
</testsuite> <!-- session22.SimpleNestedJSONPayload -->
