<?xml version="1.0" encoding="UTF-8"?>
<!-- Generated by org.testng.reporters.JUnitReportReporter -->
<testsuite hostname="DESKTOP-LOSCQCA" failures="0" tests="1" name="session20.SerializationAndDeserialization" time="5.476" errors="0" timestamp="23 Apr 2023 11:23:11 GMT" skipped="0">
  <testcase classname="session20.SerializationAndDeserialization" name="CreateJSONObjectFromClassObjectEmployee" time="5.476"/>
</testsuite> <!-- session20.SerializationAndDeserialization -->
