<?xml version="1.0" encoding="UTF-8"?>
<!-- Generated by org.testng.reporters.JUnitReportReporter -->
<testsuite hostname="DESKTOP-LOSCQCA" failures="0" tests="1" name="session03.Test_PostMethod" time="2.988" errors="0" timestamp="12 Feb 2023 10:14:49 GMT" skipped="0">
  <testcase classname="session03.Test_PostMethod" name="test03" time="2.988"/>
</testsuite> <!-- session03.Test_PostMethod -->
