<?xml version="1.0" encoding="UTF-8"?>
<!-- Generated by org.testng.reporters.JUnitReportReporter -->
<testsuite hostname="DESKTOP-LOSCQCA" failures="0" tests="1" name="session08.PreemptiveBasicAuth" time="2.896" errors="0" timestamp="03 Nov 2024 09:42:20 GMT" skipped="0">
  <testcase classname="session08.PreemptiveBasicAuth" name="basicAuth" time="2.896"/>
</testsuite> <!-- session08.PreemptiveBasicAuth -->
