<?xml version="1.0" encoding="UTF-8"?>
<!-- Generated by org.testng.reporters.JUnitReportReporter -->
<testsuite hostname="DESKTOP-LOSCQCA" failures="0" tests="1" name="session03.Test_PostMethod" time="3.729" errors="0" timestamp="12 Jul 2025 09:21:16 GMT" skipped="0">
  <testcase classname="session03.Test_PostMethod" name="test03" time="3.729"/>
</testsuite> <!-- session03.Test_PostMethod -->
