<?xml version="1.0" encoding="UTF-8"?>
<!-- Generated by org.testng.reporters.JUnitReportReporter -->
<testsuite hostname="DESKTOP-LOSCQCA" failures="0" tests="1" name="session07.QueryParameterDemo" time="3.165" errors="0" timestamp="19 Feb 2023 18:50:31 GMT" skipped="0">
  <testcase classname="session07.QueryParameterDemo" name="filterData" time="3.165"/>
</testsuite> <!-- session07.QueryParameterDemo -->
