<?xml version="1.0" encoding="UTF-8"?>
<!-- Generated by org.testng.reporters.JUnitReportReporter -->
<testsuite hostname="DESKTOP-LOSCQCA" failures="0" tests="2" name="session11.OAuth2Authentication" time="5.371" errors="0" timestamp="12 Jul 2025 16:33:36 GMT" skipped="0">
  <testcase classname="session11.OAuth2Authentication" name="getAccessToken" time="3.981"/>
  <testcase classname="session11.OAuth2Authentication" name="listInvoice" time="1.390"/>
</testsuite> <!-- session11.OAuth2Authentication -->
