<?xml version="1.0" encoding="UTF-8"?>
<!-- Generated by org.testng.reporters.JUnitReportReporter -->
<testsuite hostname="DESKTOP-LOSCQCA" failures="0" tests="1" name="session14.ValidateXMLResponse" time="3.487" errors="0" timestamp="25 Mar 2023 17:40:24 GMT" skipped="0">
  <testcase classname="session14.ValidateXMLResponse" name="GetTravellersData" time="3.487"/>
</testsuite> <!-- session14.ValidateXMLResponse -->
