<?xml version="1.0" encoding="UTF-8"?>
<!-- Generated by org.testng.reporters.JUnitReportReporter -->
<testsuite hostname="DESKTOP-LOSCQCA" failures="0" tests="1" name="session21.JSONArrayPOJOClassDemo" time="4.223" errors="0" timestamp="23 Apr 2023 16:20:28 GMT" skipped="0">
  <testcase classname="session21.JSONArrayPOJOClassDemo" name="createEmployeesJSONArray" time="4.223"/>
</testsuite> <!-- session21.JSONArrayPOJOClassDemo -->
