<?xml version="1.0" encoding="UTF-8"?>
<!-- Generated by org.testng.reporters.JUnitReportReporter -->
<testsuite hostname="DESKTOP-LOSCQCA" failures="0" tests="1" name="session08.DigestAuth" time="3.583" errors="0" timestamp="12 Jul 2025 12:33:37 GMT" skipped="0">
  <testcase classname="session08.DigestAuth" name="digestAuth" time="3.583"/>
</testsuite> <!-- session08.DigestAuth -->
