<?xml version="1.0" encoding="UTF-8"?>
<!-- Generated by org.testng.reporters.JUnitReportReporter -->
<testsuite hostname="DESKTOP-LOSCQCA" failures="0" tests="4" name="session19.OwnAPITesting" time="1.007" errors="0" timestamp="31 Mar 2023 16:12:13 GMT" skipped="1">
  <testcase classname="session19.OwnAPITesting" name="readUserData" time="0.037"/>
  <testcase classname="session19.OwnAPITesting" name="CreateUser" time="0.920"/>
  <testcase classname="session19.OwnAPITesting" name="UpdateUser" time="0.050"/>
  <testcase classname="session19.OwnAPITesting" name="DeleteUser">
    <skipped/>
  </testcase> <!-- DeleteUser -->
</testsuite> <!-- session19.OwnAPITesting -->
