<?xml version="1.0" encoding="UTF-8"?>
<!-- Generated by org.testng.reporters.JUnitReportReporter -->
<testsuite hostname="DESKTOP-LOSCQCA" failures="0" tests="1" name="session16.CreateJSONArrayUsingListInterface" time="3.662" errors="0" timestamp="27 Mar 2023 16:15:35 GMT" skipped="0">
  <testcase classname="session16.CreateJSONArrayUsingListInterface" name="createJSONArrayUsingListAndHashMap" time="3.662"/>
</testsuite> <!-- session16.CreateJSONArrayUsingListInterface -->
