<?xml version="1.0" encoding="UTF-8"?>
<!-- Generated by org.testng.reporters.JUnitReportReporter -->
<testsuite hostname="DESKTOP-LOSCQCA" failures="0" tests="2" name="session11.AuthenticationOAuth2" time="6.800" errors="0" timestamp="25 Feb 2023 16:11:21 GMT" skipped="0">
  <testcase classname="session11.AuthenticationOAuth2" name="listInvoice" time="1.336"/>
  <testcase classname="session11.AuthenticationOAuth2" name="getAccessToken" time="5.464"/>
</testsuite> <!-- session11.AuthenticationOAuth2 -->
