<?xml version="1.0" encoding="UTF-8"?>
<!-- Generated by org.testng.reporters.JUnitReportReporter -->
<testsuite hostname="DESKTOP-LOSCQCA" failures="0" tests="2" name="session27.MockAPITesting" time="3.655" errors="0" timestamp="24 May 2023 09:00:57 GMT" skipped="1">
  <testcase classname="session27.MockAPITesting" name="testJsonObjectToPojoObject" time="3.655"/>
  <testcase classname="session27.MockAPITesting" name="testMockAPI">
    <skipped/>
  </testcase> <!-- testMockAPI -->
</testsuite> <!-- session27.MockAPITesting -->
