<?xml version="1.0" encoding="UTF-8"?>
<!-- Generated by org.testng.reporters.JUnitReportReporter -->
<testsuite hostname="DESKTOP-LOSCQCA" failures="0" tests="1" name="session28.AddHeaderUsingHeadersClassBDDStyle" time="2.808" errors="0" timestamp="15 May 2023 12:21:46 GMT" skipped="0">
  <testcase classname="session28.AddHeaderUsingHeadersClassBDDStyle" name="usingHeaderClass" time="2.808"/>
</testsuite> <!-- session28.AddHeaderUsingHeadersClassBDDStyle -->
