<?xml version="1.0" encoding="UTF-8"?>
<!-- Generated by org.testng.reporters.JUnitReportReporter -->
<testsuite hostname="DESKTOP-LOSCQCA" failures="0" tests="1" name="session03.Test_DeleteMethod" time="4.174" errors="0" timestamp="07 Mar 2023 17:32:30 GMT" skipped="0">
  <testcase classname="session03.Test_DeleteMethod" name="test06" time="4.174"/>
</testsuite> <!-- session03.Test_DeleteMethod -->
