<?xml version="1.0" encoding="UTF-8"?>
<!-- Generated by org.testng.reporters.JUnitReportReporter -->
<testsuite hostname="DESKTOP-LOSCQCA" failures="0" tests="1" name="session09.BearerTokenAuthorization" time="2.931" errors="0" timestamp="30 Oct 2023 18:11:13 GMT" skipped="0">
  <testcase classname="session09.BearerTokenAuthorization" name="bearerToken" time="2.931"/>
</testsuite> <!-- session09.BearerTokenAuthorization -->
