<?xml version="1.0" encoding="UTF-8"?>
<!-- Generated by org.testng.reporters.JUnitReportReporter -->
<testsuite hostname="DESKTOP-LOSCQCA" failures="0" tests="2" name="session08.Authorization" time="3.217" errors="0" timestamp="20 Feb 2023 20:28:07 GMT" skipped="1">
  <testcase classname="session08.Authorization" name="DigestAuth" time="3.217"/>
  <testcase classname="session08.Authorization" name="basicAuth">
    <skipped/>
  </testcase> <!-- basicAuth -->
</testsuite> <!-- session08.Authorization -->
