<?xml version="1.0" encoding="UTF-8"?>
<!-- Generated by org.testng.reporters.JUnitReportReporter -->
<testsuite hostname="DESKTOP-LOSCQCA" failures="0" tests="1" name="session28.BDDStyleAddHeadersUsingHeadersClass" time="2.720" errors="0" timestamp="30 Oct 2023 17:16:21 GMT" skipped="0">
  <testcase classname="session28.BDDStyleAddHeadersUsingHeadersClass" name="usingHeadersClass" time="2.720"/>
</testsuite> <!-- session28.BDDStyleAddHeadersUsingHeadersClass -->
