<?xml version="1.0" encoding="UTF-8"?>
<!-- Generated by org.testng.reporters.JUnitReportReporter -->
<testsuite hostname="DESKTOP-LOSCQCA" failures="0" tests="1" name="session28.AddHeadersUsingMapInterface" time="3.519" errors="0" timestamp="30 Oct 2023 17:12:07 GMT" skipped="0">
  <testcase classname="session28.AddHeadersUsingMapInterface" name="usingMapInterface" time="3.519"/>
</testsuite> <!-- session28.AddHeadersUsingMapInterface -->
