<?xml version="1.0" encoding="UTF-8"?>
<!-- Generated by org.testng.reporters.JUnitReportReporter -->
<testsuite hostname="DESKTOP-LOSCQCA" failures="0" tests="2" name="session11.OAuth2Authentication" time="9.163" errors="0" timestamp="26 Feb 2023 04:37:42 GMT" skipped="0">
  <testcase classname="session11.OAuth2Authentication" name="listInvoice" time="1.685"/>
  <testcase classname="session11.OAuth2Authentication" name="getAccessToken" time="7.478"/>
</testsuite> <!-- session11.OAuth2Authentication -->
