<?xml version="1.0" encoding="UTF-8"?>
<!-- Generated by org.testng.reporters.JUnitReportReporter -->
<testsuite hostname="DESKTOP-LOSCQCA" failures="0" tests="1" name="session03.Test_DeleteMethod" time="4.609" errors="0" timestamp="12 Jul 2025 08:37:00 GMT" skipped="0">
  <testcase classname="session03.Test_DeleteMethod" name="test06" time="4.609"/>
</testsuite> <!-- session03.Test_DeleteMethod -->
