<?xml version="1.0" encoding="UTF-8"?>
<!-- Generated by org.testng.reporters.JUnitReportReporter -->
<testsuite hostname="DESKTOP-LOSCQCA" failures="0" tests="1" name="session09.BearerTokenAuthorization" time="5.274" errors="0" timestamp="12 Jul 2025 16:04:42 GMT" skipped="0">
  <testcase classname="session09.BearerTokenAuthorization" name="bearerToken" time="5.274"/>
</testsuite> <!-- session09.BearerTokenAuthorization -->
