<?xml version="1.0" encoding="UTF-8"?>
<!-- Generated by org.testng.reporters.JUnitReportReporter -->
<testsuite hostname="DESKTOP-LOSCQCA" failures="0" tests="1" name="session05.ValidateResponseHeader" time="2.407" errors="0" timestamp="12 Jul 2025 12:17:53 GMT" skipped="0">
  <testcase classname="session05.ValidateResponseHeader" name="GetSingleUser" time="2.407"/>
</testsuite> <!-- session05.ValidateResponseHeader -->
