<?xml version="1.0" encoding="UTF-8"?>
<!-- Generated by org.testng.reporters.JUnitReportReporter -->
<testsuite hostname="DESKTOP-LOSCQCA" failures="0" tests="1" name="session08.PreemptiveBasicAuth" time="3.628" errors="0" timestamp="12 Jul 2025 12:38:01 GMT" skipped="0">
  <testcase classname="session08.PreemptiveBasicAuth" name="basicAuth" time="3.628"/>
</testsuite> <!-- session08.PreemptiveBasicAuth -->
