<?xml version="1.0" encoding="UTF-8"?>
<!-- Generated by org.testng.reporters.JUnitReportReporter -->
<testsuite hostname="DESKTOP-LOSCQCA" failures="0" tests="2" name="session29.ResponseSpecBuilderDemo" time="5.169" errors="0" timestamp="30 Oct 2023 17:24:17 GMT" skipped="0">
  <testcase classname="session29.ResponseSpecBuilderDemo" name="getAllBookingByName" time="3.081"/>
  <testcase classname="session29.ResponseSpecBuilderDemo" name="getAllBookingIds" time="2.088"/>
</testsuite> <!-- session29.ResponseSpecBuilderDemo -->
