<?xml version="1.0" encoding="UTF-8"?>
<!-- Generated by org.testng.reporters.JUnitReportReporter -->
<testsuite hostname="DESKTOP-LOSCQCA" failures="0" tests="2" name="session03.Test_GetMethod2StaticRestAssured" time="5.511" errors="0" timestamp="12 Jul 2025 08:43:15 GMT" skipped="0">
  <testcase classname="session03.Test_GetMethod2StaticRestAssured" name="test02" time="2.222"/>
  <testcase classname="session03.Test_GetMethod2StaticRestAssured" name="test01" time="3.289"/>
</testsuite> <!-- session03.Test_GetMethod2StaticRestAssured -->
