<?xml version="1.0" encoding="UTF-8"?>
<!-- Generated by org.testng.reporters.JUnitReportReporter -->
<testsuite hostname="DESKTOP-LOSCQCA" failures="0" tests="1" name="session28.AddHeadersUsingHeadersClass" time="2.200" errors="0" timestamp="24 May 2023 10:52:42 GMT" skipped="0">
  <testcase classname="session28.AddHeadersUsingHeadersClass" name="usingHeaderClass" time="2.200"/>
</testsuite> <!-- session28.AddHeadersUsingHeadersClass -->
