<?xml version="1.0" encoding="UTF-8"?>
<!-- Generated by org.testng.reporters.JUnitReportReporter -->
<testsuite hostname="DESKTOP-LOSCQCA" failures="0" tests="1" name="session03.Test_PatchMethod" time="2.894" errors="0" timestamp="12 Feb 2023 11:06:08 GMT" skipped="0">
  <testcase classname="session03.Test_PatchMethod" name="test05" time="2.894"/>
</testsuite> <!-- session03.Test_PatchMethod -->
