<?xml version="1.0" encoding="UTF-8"?>
<!-- Generated by org.testng.reporters.JUnitReportReporter -->
<testsuite hostname="DESKTOP-LOSCQCA" failures="0" tests="1" name="session28.AddHeadersUsingHeadersClass" time="2.495" errors="0" timestamp="30 Oct 2023 17:14:29 GMT" skipped="0">
  <testcase classname="session28.AddHeadersUsingHeadersClass" name="usingHeadersClass" time="2.495"/>
</testsuite> <!-- session28.AddHeadersUsingHeadersClass -->
