<?xml version="1.0" encoding="UTF-8"?>
<!-- Generated by org.testng.reporters.JUnitReportReporter -->
<testsuite hostname="DESKTOP-LOSCQCA" failures="0" tests="1" name="session18.TextFileUpload" time="4.529" errors="0" timestamp="31 Mar 2023 16:06:41 GMT" skipped="0">
  <testcase classname="session18.TextFileUpload" name="uploadTextFile" time="4.529"/>
</testsuite> <!-- session18.TextFileUpload -->
