<?xml version="1.0" encoding="UTF-8"?>
<!-- Generated by org.testng.reporters.JUnitReportReporter -->
<testsuite hostname="DESKTOP-LOSCQCA" failures="0" tests="1" name="session25.JsonIgnoreSerializationDeserialization" time="0.512" errors="0" timestamp="29 Oct 2023 20:08:08 GMT" skipped="0">
  <testcase classname="session25.JsonIgnoreSerializationDeserialization" name="testMethod" time="0.512"/>
</testsuite> <!-- session25.JsonIgnoreSerializationDeserialization -->
