<?xml version="1.0" encoding="UTF-8"?>
<!-- Generated by org.testng.reporters.JUnitReportReporter -->
<testsuite hostname="DESKTOP-LOSCQCA" failures="0" tests="1" name="session03.Test_PutMethod" time="7.623" errors="0" timestamp="12 Jul 2025 11:23:00 GMT" skipped="0">
  <testcase classname="session03.Test_PutMethod" name="test04" time="7.623"/>
</testsuite> <!-- session03.Test_PutMethod -->
