<?xml version="1.0" encoding="UTF-8"?>
<!-- Generated by org.testng.reporters.JUnitReportReporter -->
<testsuite hostname="DESKTOP-LOSCQCA" failures="0" tests="1" name="session28.AddHeaderInRequestUsingHeaderMethod" time="2.856" errors="0" timestamp="15 May 2023 10:48:28 GMT" skipped="0">
  <testcase classname="session28.AddHeaderInRequestUsingHeaderMethod" name="usingHeaderMethod" time="2.856"/>
</testsuite> <!-- session28.AddHeaderInRequestUsingHeaderMethod -->
