<?xml version="1.0" encoding="UTF-8"?>
<!-- Generated by org.testng.reporters.JUnitReportReporter -->
<testsuite hostname="DESKTOP-LOSCQCA" failures="0" tests="1" name="session07.QueryParameter" time="5.720" errors="0" timestamp="12 Jul 2025 06:43:42 GMT" skipped="0">
  <testcase classname="session07.QueryParameter" name="filterData" time="5.720"/>
</testsuite> <!-- session07.QueryParameter -->
