<?xml version="1.0" encoding="UTF-8"?>
<!-- Generated by org.testng.reporters.JUnitReportReporter -->
<testsuite hostname="DESKTOP-LOSCQCA" failures="0" tests="1" name="session28.AddHeaderInRequestUsingMapInterface" time="2.884" errors="0" timestamp="15 May 2023 11:00:32 GMT" skipped="0">
  <testcase classname="session28.AddHeaderInRequestUsingMapInterface" name="usingMapInterface" time="2.884"/>
</testsuite> <!-- session28.AddHeaderInRequestUsingMapInterface -->
