<?xml version="1.0" encoding="UTF-8"?>
<!-- Generated by org.testng.reporters.JUnitReportReporter -->
<testsuite hostname="DESKTOP-LOSCQCA" failures="0" tests="1" name="session22.SimpleNestedJSONPayload" time="5.487" errors="0" timestamp="29 Oct 2023 18:51:36 GMT" skipped="0">
  <testcase classname="session22.SimpleNestedJSONPayload" name="createUser" time="5.487"/>
</testsuite> <!-- session22.SimpleNestedJSONPayload -->
