<?xml version="1.0" encoding="UTF-8"?>
<!-- Generated by org.testng.reporters.JUnitReportReporter -->
<testsuite hostname="DESKTOP-LOSCQCA" failures="0" tests="1" name="session23.ComplexNestedJSONObject" time="4.014" errors="0" timestamp="29 Oct 2023 18:56:35 GMT" skipped="0">
  <testcase classname="session23.ComplexNestedJSONObject" name="createUser" time="4.014"/>
</testsuite> <!-- session23.ComplexNestedJSONObject -->
