<?xml version="1.0" encoding="UTF-8"?>
<!-- Generated by org.testng.reporters.JUnitReportReporter -->
<testsuite hostname="DESKTOP-LOSCQCA" failures="0" tests="1" name="session28.AddHeaderUsingHeaderClass" time="3.162" errors="0" timestamp="30 Oct 2023 17:13:35 GMT" skipped="0">
  <testcase classname="session28.AddHeaderUsingHeaderClass" name="usingHeaderClass" time="3.162"/>
</testsuite> <!-- session28.AddHeaderUsingHeaderClass -->
