<?xml version="1.0" encoding="UTF-8"?>
<!-- Generated by org.testng.reporters.JUnitReportReporter -->
<testsuite hostname="DESKTOP-LOSCQCA" failures="0" tests="1" name="session10.ApiKeyAuthentication" time="5.350" errors="0" timestamp="25 Feb 2023 09:26:41 GMT" skipped="0">
  <testcase classname="session10.ApiKeyAuthentication" name="GetWeatherDataByCity" time="5.350"/>
</testsuite> <!-- session10.ApiKeyAuthentication -->
