<?xml version="1.0" encoding="UTF-8"?>
<!-- Generated by org.testng.reporters.JUnitReportReporter -->
<testsuite hostname="DESKTOP-LOSCQCA" failures="0" tests="1" name="session09.BearerTokenAuthorization" time="2.802" errors="0" timestamp="24 Feb 2023 20:17:26 GMT" skipped="0">
  <testcase classname="session09.BearerTokenAuthorization" name="bearerToken" time="2.802"/>
</testsuite> <!-- session09.BearerTokenAuthorization -->
