<?xml version="1.0" encoding="UTF-8"?>
<!-- Generated by org.testng.reporters.JUnitReportReporter -->
<testsuite hostname="DESKTOP-LOSCQCA" failures="0" tests="1" name="session18.ImageFileUpload" time="5.137" errors="0" timestamp="31 Mar 2023 16:07:59 GMT" skipped="0">
  <testcase classname="session18.ImageFileUpload" name="uploadImageFile" time="5.137"/>
</testsuite> <!-- session18.ImageFileUpload -->
