<?xml version="1.0" encoding="UTF-8"?>
<!-- Generated by org.testng.reporters.JUnitReportReporter -->
<testsuite hostname="DESKTOP-LOSCQCA" failures="0" tests="1" name="session28.AddHeaderUsingHeaderMethod" time="2.548" errors="0" timestamp="30 Oct 2023 17:08:43 GMT" skipped="0">
  <testcase classname="session28.AddHeaderUsingHeaderMethod" name="usingHeaderMethod" time="2.548"/>
</testsuite> <!-- session28.AddHeaderUsingHeaderMethod -->
