<?xml version="1.0" encoding="UTF-8"?>
<!-- Generated by org.testng.reporters.JUnitReportReporter -->
<testsuite hostname="DESKTOP-LOSCQCA" failures="0" tests="1" name="session16.CreateJSONArrayUsingJSONObject" time="3.709" errors="0" timestamp="27 Mar 2023 16:12:03 GMT" skipped="0">
  <testcase classname="session16.CreateJSONArrayUsingJSONObject" name="createJSONArrayUsingJSONObject" time="3.709"/>
</testsuite> <!-- session16.CreateJSONArrayUsingJSONObject -->
