<?xml version="1.0" encoding="UTF-8"?>
<!-- Generated by org.testng.reporters.JUnitReportReporter -->
<testsuite hostname="DESKTOP-LOSCQCA" failures="0" tests="3" name="session04.CheckForValidResponse" time="2.618" errors="0" timestamp="13 Feb 2023 06:40:18 GMT" skipped="2">
  <testcase classname="session04.CheckForValidResponse" name="GetSingleUser_BDD_Style" time="2.618"/>
  <testcase classname="session04.CheckForValidResponse" name="GetSingleUserUsingValidatableResponse">
    <skipped/>
  </testcase> <!-- GetSingleUserUsingValidatableResponse -->
  <testcase classname="session04.CheckForValidResponse" name="GetSingleUser">
    <skipped/>
  </testcase> <!-- GetSingleUser -->
</testsuite> <!-- session04.CheckForValidResponse -->
