<?xml version="1.0" encoding="UTF-8"?>
<!-- Generated by org.testng.reporters.JUnitReportReporter -->
<testsuite hostname="DESKTOP-LOSCQCA" failures="0" tests="1" name="session24.JsonIncludeAnnotation" time="0.347" errors="0" timestamp="29 Oct 2023 20:02:35 GMT" skipped="0">
  <testcase classname="session24.JsonIncludeAnnotation" name="testMethod1" time="0.347"/>
</testsuite> <!-- session24.JsonIncludeAnnotation -->
