<?xml version="1.0" encoding="UTF-8"?>
<!-- Generated by org.testng.reporters.JUnitReportReporter -->
<testsuite hostname="DESKTOP-LOSCQCA" failures="0" tests="1" name="session06.JsonPathClassExample" time="3.586" errors="0" timestamp="13 Jul 2025 14:07:50 GMT" skipped="0">
  <testcase classname="session06.JsonPathClassExample" name="DisplayAllNodesInWeatherAPI" time="3.586"/>
</testsuite> <!-- session06.JsonPathClassExample -->
