<?xml version="1.0" encoding="UTF-8"?>
<!-- Generated by org.testng.reporters.JUnitReportReporter -->
<testsuite hostname="DESKTOP-LOSCQCA" failures="0" tests="1" name="session03.Test_GetUser312" time="3.235" errors="0" timestamp="12 Jul 2025 11:24:01 GMT" skipped="0">
  <testcase classname="session03.Test_GetUser312" name="TestUser312" time="3.235"/>
</testsuite> <!-- session03.Test_GetUser312 -->
