<?xml version="1.0" encoding="UTF-8"?>
<!-- Generated by org.testng.reporters.JUnitReportReporter -->
<testsuite hostname="DESKTOP-LOSCQCA" failures="0" tests="1" name="session08.NonPreemptiveBasicAuth" time="3.377" errors="0" timestamp="03 Nov 2024 09:32:01 GMT" skipped="0">
  <testcase classname="session08.NonPreemptiveBasicAuth" name="basicAuth" time="3.377"/>
</testsuite> <!-- session08.NonPreemptiveBasicAuth -->
