<?xml version="1.0" encoding="UTF-8"?>
<!-- Generated by org.testng.reporters.JUnitReportReporter -->
<testsuite hostname="DESKTOP-LOSCQCA" failures="0" tests="1" name="session24.JsonIncludeAnnotation" time="0.310" errors="0" timestamp="23 May 2023 09:58:21 GMT" skipped="0">
  <testcase classname="session24.JsonIncludeAnnotation" name="testMethod1" time="0.310"/>
</testsuite> <!-- session24.JsonIncludeAnnotation -->
