<?xml version="1.0" encoding="UTF-8"?>
<!-- Generated by org.testng.reporters.JUnitReportReporter -->
<testsuite hostname="DESKTOP-LOSCQCA" failures="0" tests="1" name="session30.JsonSchemaValidation" time="5.490" errors="0" timestamp="22 May 2023 10:28:14 GMT" skipped="0">
  <testcase classname="session30.JsonSchemaValidation" name="validatePayloadWithSchema" time="5.490"/>
</testsuite> <!-- session30.JsonSchemaValidation -->
