<?xml version="1.0" encoding="UTF-8"?>
<!-- Generated by org.testng.reporters.JUnitReportReporter -->
<testsuite hostname="DESKTOP-LOSCQCA" failures="0" tests="1" name="session03.Test_PatchMethod" time="3.279" errors="0" timestamp="12 Jul 2025 09:18:02 GMT" skipped="0">
  <testcase classname="session03.Test_PatchMethod" name="test05" time="3.279"/>
</testsuite> <!-- session03.Test_PatchMethod -->
