<?xml version="1.0" encoding="UTF-8"?>
<!-- Generated by org.testng.reporters.JUnitReportReporter -->
<testsuite hostname="DESKTOP-LOSCQCA" failures="0" tests="1" name="session07.QueryParameter" time="4.080" errors="0" timestamp="03 Nov 2024 08:35:47 GMT" skipped="0">
  <testcase classname="session07.QueryParameter" name="filterData" time="4.080"/>
</testsuite> <!-- session07.QueryParameter -->
